Android/Basic Chat App/Chat-Server-Oneway/app/build/intermediates/manifest_merge_blame_file/release/manifest-merger-blame-release-report.txt
1<?xml version="1.0" encoding="utf-8"?>
2<manifest xmlns:android="http://schemas.android.com/apk/res/android"
3    package="edu.stevens.cs522.chatserver"
4    android:versionCode="1"
5    android:versionName="1.0" >
6
7    <uses-sdk
8        android:minSdkVersion="26"
8-->src/main/AndroidManifest.xml
9        android:targetSdkVersion="33" />
9-->src/main/AndroidManifest.xml
10
11    <uses-permission android:name="android.permission.INTERNET" />
11-->[:cs522-library] AndroidManifest.xml:9:5-67
11-->[:cs522-library] AndroidManifest.xml:9:22-64
12    <uses-permission android:name="android.permission.ACCESS_NETWORK_STATE" />
12-->[:cs522-library] AndroidManifest.xml:10:5-79
12-->[:cs522-library] AndroidManifest.xml:10:22-76
13    <uses-permission android:name="android.permission.READ_SMS" />
13-->[:cs522-library] AndroidManifest.xml:11:5-67
13-->[:cs522-library] AndroidManifest.xml:11:22-64
14    <uses-permission android:name="android.permission.RECEIVE_SMS" />
14-->[:cs522-library] AndroidManifest.xml:12:5-70
14-->[:cs522-library] AndroidManifest.xml:12:22-67
15    <uses-permission android:name="android.permission.SEND_SMS" /> <!-- Required for receiving MMS -->
15-->[:cs522-library] AndroidManifest.xml:13:5-67
15-->[:cs522-library] AndroidManifest.xml:13:22-64
16    <!-- <uses-permission android:name="android.permission.RECEIVE_MMS" /> -->
17    <!-- <uses-permission android:name="android.permission.RECEIVE_WAP_PUSH" /> -->
18    <uses-permission android:name="android.permission.WAKE_LOCK" />
18-->[:cs522-library] AndroidManifest.xml:19:5-68
18-->[:cs522-library] AndroidManifest.xml:19:22-65
19
20    <application
20-->src/main/AndroidManifest.xml:5:5-22:19
21        android:allowBackup="true"
21-->src/main/AndroidManifest.xml:6:9-35
22        android:extractNativeLibs="false"
23        android:icon="@mipmap/ic_launcher"
23-->src/main/AndroidManifest.xml:7:9-43
24        android:label="@string/app_name"
24-->src/main/AndroidManifest.xml:8:9-41
25        android:roundIcon="@mipmap/ic_launcher_round"
25-->[:cs522-library] AndroidManifest.xml:25:9-54
26        android:supportsRtl="true"
26-->src/main/AndroidManifest.xml:9:9-35
27        android:theme="@style/AppTheme" >
27-->src/main/AndroidManifest.xml:10:9-40
28        <activity android:name="edu.stevens.cs522.chatserver.activities.ViewPeerActivity" />
28-->src/main/AndroidManifest.xml:11:9-65
28-->src/main/AndroidManifest.xml:11:19-62
29        <activity android:name="edu.stevens.cs522.chatserver.activities.ViewPeersActivity" />
29-->src/main/AndroidManifest.xml:12:9-66
29-->src/main/AndroidManifest.xml:12:19-63
30        <activity
30-->src/main/AndroidManifest.xml:13:9-21:20
31            android:name="edu.stevens.cs522.chatserver.activities.ChatServerActivity"
31-->src/main/AndroidManifest.xml:14:13-58
32            android:exported="true" >
32-->src/main/AndroidManifest.xml:15:13-36
33            <intent-filter>
33-->src/main/AndroidManifest.xml:16:13-20:29
34                <action android:name="android.intent.action.MAIN" />
34-->src/main/AndroidManifest.xml:17:17-69
34-->src/main/AndroidManifest.xml:17:25-66
35
36                <category android:name="android.intent.category.LAUNCHER" />
36-->src/main/AndroidManifest.xml:19:17-77
36-->src/main/AndroidManifest.xml:19:27-74
37            </intent-filter>
38        </activity>
39
40        <receiver
40-->[:cs522-library] AndroidManifest.xml:28:9-40:20
41            android:name="edu.stevens.cs522.base.sms.ChatMessageReceiver"
41-->[:cs522-library] AndroidManifest.xml:29:13-74
42            android:enabled="true"
42-->[:cs522-library] AndroidManifest.xml:30:13-35
43            android:exported="true" >
43-->[:cs522-library] AndroidManifest.xml:31:13-36
44            <intent-filter>
44-->[:cs522-library] AndroidManifest.xml:32:13-39:29
45                <action android:name="android.provider.Telephony.SMS_RECEIVED" />
45-->[:cs522-library] AndroidManifest.xml:33:17-82
45-->[:cs522-library] AndroidManifest.xml:33:25-79
46                <action android:name="android.provider.Telephony.SMS_DELIVER" />
46-->[:cs522-library] AndroidManifest.xml:34:17-81
46-->[:cs522-library] AndroidManifest.xml:34:25-78
47
48                <!-- Required for MMS receiver -->
49                <!-- <action android:name="android.provider.Telephony.WAP_PUSH_DELIVER" /> -->
50                <!-- <data android:mimeType="application/vnd.wap.mms-message" /> -->
51            </intent-filter>
52        </receiver>
53
54        <service
54-->[:cs522-library] AndroidManifest.xml:42:9-45:40
55            android:name="edu.stevens.cs522.base.work.WorkIntentService"
55-->[:cs522-library] AndroidManifest.xml:43:13-73
56            android:enabled="true"
56-->[:cs522-library] AndroidManifest.xml:44:13-35
57            android:exported="false" />
57-->[:cs522-library] AndroidManifest.xml:45:13-37
58    </application>
59
60</manifest>